/*C2*/SET SCHEMA PUBLIC
CREATE TABLE FILMES (COD_FILME INTEGER NOT NULL, NAME VARCHAR(50), DATA_ASSISTIDO DATE, NOTA INTEGER, ANO_LANCAMENTO INTEGER, COD_DIRETOR INTEGER, PRIMARY KEY(COD_FILME))
CREATE TABLE DIRETORES (COD_DIRETOR INTEGER NOT NULL, NOME VARCHAR(50), PRIMARY KEY(COD_DIRETOR))
ALTER TABLE FILMES ADD CONSTRAINT FRK_FILMES_COD_DIRETOR FOREIGN KEY(COD_DIRETOR) REFERENCES DIRETORES(COD_DIRETOR)
INSERT INTO DIRETORES VALUES(1,'NELSON')
COMMIT
INSERT INTO FILMES VALUES(1,'DURO DE MATAR','2013-06-26',10,1991,1)
COMMIT
ALTER TABLE FILMES ALTER COLUMN NAME RENAME TO NOME
/*C3*/SET SCHEMA PUBLIC
DISCONNECT
/*C4*/SET SCHEMA PUBLIC
DISCONNECT
/*C5*/SET SCHEMA PUBLIC
DISCONNECT
/*C6*/SET SCHEMA PUBLIC
DISCONNECT
/*C7*/SET SCHEMA PUBLIC
DISCONNECT
/*C8*/SET SCHEMA PUBLIC
DISCONNECT
/*C10*/SET SCHEMA PUBLIC
DISCONNECT
/*C9*/SET SCHEMA PUBLIC
DISCONNECT
/*C11*/SET SCHEMA PUBLIC
DISCONNECT
/*C2*/ALTER TABLE FILMES ADD OSCAR BIT
DELETE FROM FILMES WHERE COD_FILME=1
INSERT INTO FILMES VALUES(1,'DURO DE MATAR','2013-06-26',10,1991,1,'1')
COMMIT
ALTER TABLE FILMES ALTER COLUMN OSCAR BOOLEAN
ALTER TABLE FILMES ALTER COLUMN OSCAR BOOLEAN
/*C12*/SET SCHEMA PUBLIC
DISCONNECT
/*C13*/SET SCHEMA PUBLIC
DISCONNECT
/*C14*/SET SCHEMA PUBLIC
DISCONNECT
/*C2*/ALTER TABLE FILMES ALTER COLUMN COD_FILME INTEGER GENERATED BY DEFAULT AS IDENTITY
ALTER TABLE DIRETORES ALTER COLUMN COD_DIRETOR INTEGER GENERATED BY DEFAULT AS IDENTITY
/*C16*/SET SCHEMA PUBLIC
DISCONNECT
/*C15*/SET SCHEMA PUBLIC
DISCONNECT
/*C17*/SET SCHEMA PUBLIC
DISCONNECT
/*C18*/SET SCHEMA PUBLIC
DISCONNECT
/*C19*/SET SCHEMA PUBLIC
INSERT INTO DIRETORES VALUES(0,'Gustavo')
COMMIT
/*C2*/ALTER TABLE DIRETORES ALTER COLUMN COD_DIRETOR INTEGER GENERATED BY DEFAULT AS IDENTITY (START WITH 1)
ALTER TABLE FILMES ALTER COLUMN COD_FILME INTEGER GENERATED BY DEFAULT AS IDENTITY (START WITH 1)
/*C19*/DISCONNECT
/*C21*/SET SCHEMA PUBLIC
INSERT INTO DIRETORES VALUES(2,'Gustavo')
COMMIT
INSERT INTO FILMES VALUES(2,'1','1990-01-09',0,1991,2,FALSE)
COMMIT
/*C22*/SET SCHEMA PUBLIC
INSERT INTO DIRETORES VALUES(3,'GUSAVOO')
COMMIT
INSERT INTO FILMES VALUES(3,'2','1990-01-09',0,1992,3,FALSE)
COMMIT
/*C21*/DISCONNECT
/*C20*/SET SCHEMA PUBLIC
DISCONNECT
/*C22*/DISCONNECT
/*C24*/SET SCHEMA PUBLIC
INSERT INTO DIRETORES VALUES(4,'Teste')
COMMIT
INSERT INTO FILMES VALUES(4,'6','1990-01-09',0,1980,4,TRUE)
COMMIT
/*C25*/SET SCHEMA PUBLIC
INSERT INTO DIRETORES VALUES(5,'Retarda')
COMMIT
INSERT INTO FILMES VALUES(5,'Matrix','1990-01-09',3,1980,5,TRUE)
COMMIT
DISCONNECT
/*C23*/SET SCHEMA PUBLIC
DISCONNECT
/*C24*/DISCONNECT
/*C26*/SET SCHEMA PUBLIC
INSERT INTO DIRETORES VALUES(6,'Retarda')
COMMIT
INSERT INTO FILMES VALUES(6,'Matrix','1990-01-09',3,1980,6,TRUE)
COMMIT
/*C27*/SET SCHEMA PUBLIC
DISCONNECT
/*C26*/DISCONNECT
/*C28*/SET SCHEMA PUBLIC
DISCONNECT
/*C30*/SET SCHEMA PUBLIC
DISCONNECT
/*C29*/SET SCHEMA PUBLIC
DISCONNECT
/*C32*/SET SCHEMA PUBLIC
DISCONNECT
/*C31*/SET SCHEMA PUBLIC
DISCONNECT
/*C33*/SET SCHEMA PUBLIC
DISCONNECT
/*C34*/SET SCHEMA PUBLIC
DISCONNECT
/*C35*/SET SCHEMA PUBLIC
DISCONNECT
/*C37*/SET SCHEMA PUBLIC
DISCONNECT
/*C36*/SET SCHEMA PUBLIC
DISCONNECT
/*C38*/SET SCHEMA PUBLIC
DISCONNECT
/*C39*/SET SCHEMA PUBLIC
DISCONNECT
/*C41*/SET SCHEMA PUBLIC
DISCONNECT
/*C40*/SET SCHEMA PUBLIC
DISCONNECT
/*C42*/SET SCHEMA PUBLIC
DISCONNECT
/*C44*/SET SCHEMA PUBLIC
DISCONNECT
/*C43*/SET SCHEMA PUBLIC
DISCONNECT
/*C51*/SET SCHEMA PUBLIC
DELETE FROM DIRETORES WHERE COD_DIRETOR=1
INSERT INTO DIRETORES VALUES(1,'NELSON')
COMMIT
DELETE FROM FILMES WHERE COD_FILME=1
INSERT INTO FILMES VALUES(1,'DURO DE MATAR','2013-01-25',10,1992,1,TRUE)
COMMIT
DISCONNECT
/*C47*/SET SCHEMA PUBLIC
DISCONNECT
/*C48*/SET SCHEMA PUBLIC
DISCONNECT
/*C49*/SET SCHEMA PUBLIC
DISCONNECT
/*C50*/SET SCHEMA PUBLIC
DISCONNECT
/*C46*/SET SCHEMA PUBLIC
DISCONNECT
/*C45*/SET SCHEMA PUBLIC
DISCONNECT
/*C52*/SET SCHEMA PUBLIC
DELETE FROM DIRETORES WHERE COD_DIRETOR=1
INSERT INTO DIRETORES VALUES(1,'NELSON')
COMMIT
DELETE FROM FILMES WHERE COD_FILME=1
INSERT INTO FILMES VALUES(1,'DURO DE MATAR','2013-01-25',10,1992,1,TRUE)
COMMIT
/*C53*/SET SCHEMA PUBLIC
DELETE FROM FILMES WHERE COD_FILME=6
COMMIT
/*C54*/SET SCHEMA PUBLIC
DELETE FROM FILMES WHERE COD_FILME=2
COMMIT
/*C55*/SET SCHEMA PUBLIC
DELETE FROM FILMES WHERE COD_FILME=3
COMMIT
/*C56*/SET SCHEMA PUBLIC
DELETE FROM FILMES WHERE COD_FILME=4
COMMIT
/*C57*/SET SCHEMA PUBLIC
INSERT INTO DIRETORES VALUES(7,'William')
COMMIT
INSERT INTO FILMES VALUES(7,'Seven','2009-01-18',7,1990,7,FALSE)
COMMIT
/*C58*/SET SCHEMA PUBLIC
DELETE FROM DIRETORES WHERE COD_DIRETOR=7
INSERT INTO DIRETORES VALUES(7,'William')
COMMIT
DELETE FROM FILMES WHERE COD_FILME=7
INSERT INTO FILMES VALUES(7,'Seven','2009-01-18',7,1990,7,FALSE)
COMMIT
/*C59*/SET SCHEMA PUBLIC
DELETE FROM DIRETORES WHERE COD_DIRETOR=7
INSERT INTO DIRETORES VALUES(7,'William')
COMMIT
DELETE FROM FILMES WHERE COD_FILME=7
INSERT INTO FILMES VALUES(7,'Seven','2009-01-18',7,1990,7,FALSE)
COMMIT
/*C60*/SET SCHEMA PUBLIC
DELETE FROM DIRETORES WHERE COD_DIRETOR=7
INSERT INTO DIRETORES VALUES(7,'William')
COMMIT
DELETE FROM FILMES WHERE COD_FILME=7
INSERT INTO FILMES VALUES(7,'Seven','2009-01-18',7,1990,7,FALSE)
COMMIT
/*C61*/SET SCHEMA PUBLIC
INSERT INTO DIRETORES VALUES(8,'Lwo')
COMMIT
INSERT INTO FILMES VALUES(8,'Excluido','1990-01-09',5,1994,8,FALSE)
COMMIT
/*C62*/SET SCHEMA PUBLIC
DELETE FROM FILMES WHERE COD_FILME=8
COMMIT
/*C58*/DISCONNECT
/*C52*/DISCONNECT
/*C62*/DISCONNECT
/*C61*/DISCONNECT
/*C60*/DISCONNECT
/*C59*/DISCONNECT
/*C57*/DISCONNECT
/*C56*/DISCONNECT
/*C55*/DISCONNECT
/*C54*/DISCONNECT
/*C53*/DISCONNECT
/*C64*/SET SCHEMA PUBLIC
DELETE FROM DIRETORES WHERE COD_DIRETOR=1
INSERT INTO DIRETORES VALUES(1,'NELSON')
COMMIT
DELETE FROM FILMES WHERE COD_FILME=1
INSERT INTO FILMES VALUES(1,'DURO DE MATAR','2012-01-24',10,1992,1,TRUE)
COMMIT
/*C65*/SET SCHEMA PUBLIC
INSERT INTO DIRETORES VALUES(9,'Nelsong Gustavo')
COMMIT
INSERT INTO FILMES VALUES(9,'teste','1990-01-09',1,1990,9,FALSE)
COMMIT
/*C66*/SET SCHEMA PUBLIC
DELETE FROM FILMES WHERE COD_FILME=9
COMMIT
/*C64*/DISCONNECT
/*C63*/SET SCHEMA PUBLIC
DISCONNECT
/*C66*/DISCONNECT
/*C65*/DISCONNECT
/*C67*/SET SCHEMA PUBLIC
INSERT INTO DIRETORES VALUES(10,'Gustavao')
COMMIT
INSERT INTO FILMES VALUES(10,'teste_layout','1990-01-09',4,1990,10,TRUE)
COMMIT
/*C77*/SET SCHEMA PUBLIC
DELETE FROM FILMES WHERE COD_FILME=10
COMMIT
/*C78*/SET SCHEMA PUBLIC
INSERT INTO DIRETORES VALUES(11,'Gustavao')
COMMIT
INSERT INTO FILMES VALUES(11,'teste','2009-01-18',1,1990,11,TRUE)
COMMIT
/*C79*/SET SCHEMA PUBLIC
DELETE FROM FILMES WHERE COD_FILME=11
COMMIT
/*C80*/SET SCHEMA PUBLIC
INSERT INTO DIRETORES VALUES(12,'Gustavo Sagaz')
COMMIT
INSERT INTO FILMES VALUES(12,'teste','1990-01-09',1,1990,12,TRUE)
COMMIT
/*C81*/SET SCHEMA PUBLIC
DELETE FROM DIRETORES WHERE COD_DIRETOR=12
INSERT INTO DIRETORES VALUES(12,'Gustavo Sagaz')
COMMIT
DELETE FROM FILMES WHERE COD_FILME=12
INSERT INTO FILMES VALUES(12,'teste','1990-01-09',1,1990,12,TRUE)
COMMIT
/*C82*/SET SCHEMA PUBLIC
DELETE FROM FILMES WHERE COD_FILME=12
COMMIT
/*C83*/SET SCHEMA PUBLIC
DELETE FROM DIRETORES WHERE COD_DIRETOR=7
INSERT INTO DIRETORES VALUES(7,'William')
COMMIT
DELETE FROM FILMES WHERE COD_FILME=7
INSERT INTO FILMES VALUES(7,'Seven','2009-01-17',7,1990,7,TRUE)
COMMIT
/*C84*/SET SCHEMA PUBLIC
DELETE FROM DIRETORES WHERE COD_DIRETOR=1
INSERT INTO DIRETORES VALUES(1,'William')
COMMIT
DELETE FROM FILMES WHERE COD_FILME=1
INSERT INTO FILMES VALUES(1,'Seven','2009-01-17',7,1990,1,TRUE)
COMMIT
/*C85*/SET SCHEMA PUBLIC
DELETE FROM DIRETORES WHERE COD_DIRETOR=1
INSERT INTO DIRETORES VALUES(1,'William')
COMMIT
DELETE FROM FILMES WHERE COD_FILME=1
INSERT INTO FILMES VALUES(1,'Seven','2009-01-17',7,1990,1,TRUE)
COMMIT
/*C87*/SET SCHEMA PUBLIC
DELETE FROM FILMES WHERE COD_FILME=1
COMMIT
/*C88*/SET SCHEMA PUBLIC
INSERT INTO DIRETORES VALUES(13,'Steve')
COMMIT
INSERT INTO FILMES VALUES(13,'teste','1990-01-09',1,1898,13,TRUE)
COMMIT
/*C90*/SET SCHEMA PUBLIC
DELETE FROM DIRETORES WHERE COD_DIRETOR=13
INSERT INTO DIRETORES VALUES(13,'Steve')
COMMIT
DELETE FROM FILMES WHERE COD_FILME=13
INSERT INTO FILMES VALUES(13,'teste','1990-01-08',1,1898,13,FALSE)
COMMIT
/*C91*/SET SCHEMA PUBLIC
DELETE FROM DIRETORES WHERE COD_DIRETOR=13
INSERT INTO DIRETORES VALUES(13,'Steve')
COMMIT
DELETE FROM FILMES WHERE COD_FILME=13
INSERT INTO FILMES VALUES(13,'teste','1990-01-07',1,1898,13,TRUE)
COMMIT
/*C82*/DISCONNECT
/*C85*/DISCONNECT
/*C80*/DISCONNECT
/*C91*/DISCONNECT
/*C83*/DISCONNECT
/*C84*/DISCONNECT
/*C86*/SET SCHEMA PUBLIC
DISCONNECT
/*C87*/DISCONNECT
/*C88*/DISCONNECT
/*C89*/SET SCHEMA PUBLIC
DISCONNECT
/*C90*/DISCONNECT
/*C67*/DISCONNECT
/*C68*/SET SCHEMA PUBLIC
DISCONNECT
/*C69*/SET SCHEMA PUBLIC
DISCONNECT
/*C70*/SET SCHEMA PUBLIC
DISCONNECT
/*C71*/SET SCHEMA PUBLIC
DISCONNECT
/*C72*/SET SCHEMA PUBLIC
DISCONNECT
/*C73*/SET SCHEMA PUBLIC
DISCONNECT
/*C74*/SET SCHEMA PUBLIC
DISCONNECT
/*C75*/SET SCHEMA PUBLIC
DISCONNECT
/*C76*/SET SCHEMA PUBLIC
DISCONNECT
/*C77*/DISCONNECT
/*C78*/DISCONNECT
/*C79*/DISCONNECT
/*C81*/DISCONNECT
/*C92*/SET SCHEMA PUBLIC
DELETE FROM DIRETORES WHERE COD_DIRETOR=5
INSERT INTO DIRETORES VALUES(5,'Lana Wachowski')
COMMIT
DELETE FROM FILMES WHERE COD_FILME=5
INSERT INTO FILMES VALUES(5,'Matrix','2000-01-08',3,1900,5,TRUE)
COMMIT
DELETE FROM DIRETORES WHERE COD_DIRETOR=5
INSERT INTO DIRETORES VALUES(5,'Lana Wachowski')
COMMIT
DELETE FROM FILMES WHERE COD_FILME=5
INSERT INTO FILMES VALUES(5,'Matrix','2000-01-07',8,1900,5,FALSE)
COMMIT
DELETE FROM DIRETORES WHERE COD_DIRETOR=13
INSERT INTO DIRETORES VALUES(13,'Martin Scorsese')
COMMIT
DELETE FROM FILMES WHERE COD_FILME=13
INSERT INTO FILMES VALUES(13,'The Departed','2007-01-22',9,2006,13,TRUE)
COMMIT
INSERT INTO DIRETORES VALUES(14,'David Fincher')
COMMIT
INSERT INTO FILMES VALUES(14,'Fight Club','2000-05-01',9,1999,14,FALSE)
COMMIT
DISCONNECT
/*C93*/SET SCHEMA PUBLIC
DELETE FROM DIRETORES WHERE COD_DIRETOR=7
INSERT INTO DIRETORES VALUES(7,'David Fincher')
COMMIT
DELETE FROM FILMES WHERE COD_FILME=7
INSERT INTO FILMES VALUES(7,'Seven','1998-04-16',7,-199,7,TRUE)
COMMIT
DELETE FROM DIRETORES WHERE COD_DIRETOR=7
INSERT INTO DIRETORES VALUES(7,'David Fincher')
COMMIT
DELETE FROM FILMES WHERE COD_FILME=7
INSERT INTO FILMES VALUES(7,'Seven','1998-04-15',7,-199,7,TRUE)
COMMIT
DELETE FROM DIRETORES WHERE COD_DIRETOR=7
INSERT INTO DIRETORES VALUES(7,'David Fincher')
COMMIT
DELETE FROM FILMES WHERE COD_FILME=7
INSERT INTO FILMES VALUES(7,'Seven','1998-04-15',7,0,7,TRUE)
COMMIT
DELETE FROM DIRETORES WHERE COD_DIRETOR=7
INSERT INTO DIRETORES VALUES(7,'David Fincher')
COMMIT
DELETE FROM FILMES WHERE COD_FILME=7
INSERT INTO FILMES VALUES(7,'Seven','1998-04-15',7,0,7,TRUE)
COMMIT
DELETE FROM DIRETORES WHERE COD_DIRETOR=7
INSERT INTO DIRETORES VALUES(7,'David Fincher')
COMMIT
DELETE FROM FILMES WHERE COD_FILME=7
INSERT INTO FILMES VALUES(7,'Seven','1998-04-15',7,1990,7,TRUE)
COMMIT
DISCONNECT
/*C94*/SET SCHEMA PUBLIC
DELETE FROM DIRETORES WHERE COD_DIRETOR=7
INSERT INTO DIRETORES VALUES(7,'David Fincher')
COMMIT
DELETE FROM FILMES WHERE COD_FILME=7
INSERT INTO FILMES VALUES(7,'Seven','1998-04-14',7,-990,7,TRUE)
COMMIT
DELETE FROM DIRETORES WHERE COD_DIRETOR=7
INSERT INTO DIRETORES VALUES(7,'David Fincher')
COMMIT
DELETE FROM FILMES WHERE COD_FILME=7
INSERT INTO FILMES VALUES(7,'Seven','1998-04-13',7,1990,7,TRUE)
COMMIT
DELETE FROM DIRETORES WHERE COD_DIRETOR=5
INSERT INTO DIRETORES VALUES(5,'Lana Wachowski')
COMMIT
DELETE FROM FILMES WHERE COD_FILME=5
INSERT INTO FILMES VALUES(5,'Matrix','2000-01-06',8,1900,5,FALSE)
COMMIT
DELETE FROM DIRETORES WHERE COD_DIRETOR=7
INSERT INTO DIRETORES VALUES(7,'David Fincher')
COMMIT
DELETE FROM FILMES WHERE COD_FILME=7
INSERT INTO FILMES VALUES(7,'Seven','1998-04-12',7,1995,7,TRUE)
COMMIT
DELETE FROM DIRETORES WHERE COD_DIRETOR=7
INSERT INTO DIRETORES VALUES(7,'David Fincher')
COMMIT
DELETE FROM FILMES WHERE COD_FILME=7
INSERT INTO FILMES VALUES(7,'Seven','1998-04-12',7,1995,7,TRUE)
COMMIT
DELETE FROM DIRETORES WHERE COD_DIRETOR=7
INSERT INTO DIRETORES VALUES(7,'David Fincher')
COMMIT
DELETE FROM FILMES WHERE COD_FILME=7
INSERT INTO FILMES VALUES(7,'Seven','1998-04-12',7,1995,7,TRUE)
COMMIT
DELETE FROM DIRETORES WHERE COD_DIRETOR=7
INSERT INTO DIRETORES VALUES(7,'David Fincher')
COMMIT
DELETE FROM FILMES WHERE COD_FILME=7
INSERT INTO FILMES VALUES(7,'Seven','1998-04-12',7,1995,7,TRUE)
COMMIT
DISCONNECT
/*C95*/SET SCHEMA PUBLIC
INSERT INTO DIRETORES VALUES(15,'William')
COMMIT
INSERT INTO FILMES VALUES(15,'teste_layout','1989-12-31',3,1990,15,FALSE)
COMMIT
DELETE FROM DIRETORES WHERE COD_DIRETOR=15
INSERT INTO DIRETORES VALUES(15,'WilliamM')
COMMIT
DELETE FROM FILMES WHERE COD_FILME=15
INSERT INTO FILMES VALUES(15,'teste_layout','1989-12-30',3,1990,15,FALSE)
COMMIT
DISCONNECT
/*C96*/SET SCHEMA PUBLIC
DELETE FROM DIRETORES WHERE COD_DIRETOR=15
INSERT INTO DIRETORES VALUES(15,'WilliamM')
COMMIT
DELETE FROM FILMES WHERE COD_FILME=15
INSERT INTO FILMES VALUES(15,'teste_layout','1989-12-30',3,1990,15,FALSE)
COMMIT
DELETE FROM DIRETORES WHERE COD_DIRETOR=1
COMMIT
DELETE FROM DIRETORES WHERE COD_DIRETOR=2
COMMIT
DELETE FROM DIRETORES WHERE COD_DIRETOR=3
COMMIT
DELETE FROM DIRETORES WHERE COD_DIRETOR=4
COMMIT
DELETE FROM DIRETORES WHERE COD_DIRETOR=6
COMMIT
DELETE FROM DIRETORES WHERE COD_DIRETOR=12
COMMIT
DELETE FROM DIRETORES WHERE COD_DIRETOR=10
COMMIT
DELETE FROM DIRETORES WHERE COD_DIRETOR=8
COMMIT
DELETE FROM DIRETORES WHERE COD_DIRETOR=9
COMMIT
DELETE FROM DIRETORES WHERE COD_DIRETOR=11
COMMIT
INSERT INTO DIRETORES VALUES(16,'Levandowiski')
COMMIT
DELETE FROM DIRETORES WHERE COD_DIRETOR=16
INSERT INTO DIRETORES VALUES(16,'Levandowiski')
COMMIT
DISCONNECT
/*C97*/SET SCHEMA PUBLIC
DISCONNECT
/*C98*/SET SCHEMA PUBLIC
INSERT INTO DIRETORES VALUES(17,'WilliamDoSerrado')
COMMIT
DISCONNECT
/*C99*/SET SCHEMA PUBLIC
DELETE FROM DIRETORES WHERE COD_DIRETOR=17
INSERT INTO DIRETORES VALUES(17,'WilliamDoSerrado')
COMMIT
DELETE FROM DIRETORES WHERE COD_DIRETOR=17
COMMIT
DELETE FROM DIRETORES WHERE COD_DIRETOR=16
COMMIT
INSERT INTO DIRETORES VALUES(18,'William da barragem')
COMMIT
DELETE FROM DIRETORES WHERE COD_DIRETOR=18
COMMIT
DISCONNECT
/*C100*/SET SCHEMA PUBLIC
DISCONNECT
/*C101*/SET SCHEMA PUBLIC
DISCONNECT
/*C102*/SET SCHEMA PUBLIC
INSERT INTO DIRETORES VALUES(19,NULL)
COMMIT
INSERT INTO FILMES VALUES(16,'DURO DE MATAR 4.0','1989-12-31',3,1900,19,FALSE)
COMMIT
DISCONNECT
/*C103*/SET SCHEMA PUBLIC
DELETE FROM FILMES WHERE COD_FILME=16
COMMIT
DISCONNECT
/*C104*/SET SCHEMA PUBLIC
DELETE FROM FILMES WHERE COD_FILME=15
COMMIT
DISCONNECT
/*C105*/SET SCHEMA PUBLIC
INSERT INTO FILMES VALUES(19,'DURO DE MATAR 4.2','1989-12-31',5,1900,15,FALSE)
COMMIT
DELETE FROM DIRETORES WHERE COD_DIRETOR=19
COMMIT
INSERT INTO FILMES VALUES(20,'Matrix reload','2002-05-01',6,2002,5,FALSE)
COMMIT
DELETE FROM FILMES WHERE COD_FILME=20
INSERT INTO FILMES VALUES(20,'Matrix reload','2002-05-01',6,2002,5,FALSE)
COMMIT
DELETE FROM FILMES WHERE COD_FILME=20
INSERT INTO FILMES VALUES(20,'Matrix reload','2002-05-01',6,2002,5,FALSE)
COMMIT
DELETE FROM FILMES WHERE COD_FILME=20
INSERT INTO FILMES VALUES(20,'Matrix reload','2002-05-01',6,2002,5,FALSE)
COMMIT
DELETE FROM FILMES WHERE COD_FILME=20
INSERT INTO FILMES VALUES(20,'Matrix reload','2002-05-01',6,2002,5,FALSE)
COMMIT
DELETE FROM FILMES WHERE COD_FILME=20
INSERT INTO FILMES VALUES(20,'Matrix reload','2002-05-01',6,2002,5,FALSE)
COMMIT
DELETE FROM FILMES WHERE COD_FILME=20
INSERT INTO FILMES VALUES(20,'Matrix reload','2002-05-01',6,2002,5,FALSE)
COMMIT
DISCONNECT
/*C106*/SET SCHEMA PUBLIC
DISCONNECT
/*C107*/SET SCHEMA PUBLIC
DISCONNECT
/*C108*/SET SCHEMA PUBLIC
DELETE FROM FILMES WHERE COD_FILME=19
COMMIT
DISCONNECT
/*C109*/SET SCHEMA PUBLIC
DISCONNECT
/*C110*/SET SCHEMA PUBLIC
DELETE FROM FILMES WHERE COD_FILME=20
INSERT INTO FILMES VALUES(20,'Matrix reload','2002-04-30',6,2002,5,FALSE)
COMMIT
DISCONNECT
/*C111*/SET SCHEMA PUBLIC
DISCONNECT
/*C112*/SET SCHEMA PUBLIC
DISCONNECT
/*C113*/SET SCHEMA PUBLIC
DISCONNECT
/*C114*/SET SCHEMA PUBLIC
DISCONNECT
/*C115*/SET SCHEMA PUBLIC
DELETE FROM DIRETORES WHERE COD_DIRETOR=15
COMMIT
DELETE FROM FILMES WHERE COD_FILME=20
INSERT INTO FILMES VALUES(20,'Matrix reload','2002-04-29',6,2002,5,FALSE)
COMMIT
INSERT INTO FILMES VALUES(21,'Matrix reload','2002-04-29',6,2002,5,FALSE)
COMMIT
DELETE FROM FILMES WHERE COD_FILME=5
INSERT INTO FILMES VALUES(5,'Matrix','2000-01-05',8,1900,5,FALSE)
COMMIT
INSERT INTO FILMES VALUES(22,'A revolta','2013-02-09',10,-333,13,TRUE)
COMMIT
DELETE FROM FILMES WHERE COD_FILME=22
INSERT INTO FILMES VALUES(22,'A revolta','2013-02-08',10,1000,13,TRUE)
COMMIT
DELETE FROM FILMES WHERE COD_FILME=22
INSERT INTO FILMES VALUES(22,'A revolta','2013-02-07',10,99,13,TRUE)
COMMIT
DELETE FROM FILMES WHERE COD_FILME=22
INSERT INTO FILMES VALUES(22,'A revolta','2013-02-06',10,2000,13,TRUE)
COMMIT
DISCONNECT
/*C116*/SET SCHEMA PUBLIC
DELETE FROM FILMES WHERE COD_FILME=22
COMMIT
DELETE FROM FILMES WHERE COD_FILME=21
COMMIT
DISCONNECT
